romSize		EQU 2000
romArea		EQU 4000
ramArea		EQU E000
INITXT		EQU 006C
CHPUT		EQU 00A2
		ORG 4000
4000:4142	DEFB of 2 bytes
4002:0000	DEFW of 1 words
4004:0000	DEFW of 1 words
4006:0000	DEFW of 1 words
4008:0000	DEFW of 1 words
400A:00000000	DEFS of 6 bytes with value 00
400E:0000
4010:		label startProgram
		PROC
4010:CD6C00	CALL 006C
4013:0647	LD B, 47
4015:		label writeMore
4015:210000	LD HL, 0000
4018:		label getChar
4018:7E		LD A, (HL)
4019:FE00	CP 00
401B:2800	JR Z, 0000
401D:CDA200	CALL 00A2
4020:23		INC HL
4021:1800	JR 4018
4023:		label writeLoop
4023:1000	DJNZ 4015
4025:		label loop
4025:1800	JR 4025
		ENDP
4027:		label helloWorld
4027:48656C6C	DEFB of 13 bytes
402B:6F20576F
402F:726C6421
4033:00
4034:		label romPad
4034:00000000	DEFS of 8140 bytes with value 00
4038:00000000
403C:00000000
4040:00000000
4044:00000000
4048:00000000
404C:00000000
4050:00000000
4054:00000000
4058:00000000
405C:00000000
4060:00000000
4064:00000000
4068:00000000
406C:00000000
4070:00000000
4074:00000000
4078:00000000
407C:00000000
4080:00000000
4084:00000000
4088:00000000
408C:00000000
4090:00000000
4094:00000000
4098:00000000
409C:00000000
40A0:00000000
40A4:00000000
40A8:00000000
40AC:00000000
40B0:00000000
40B4:00000000
40B8:00000000
40BC:00000000
40C0:00000000
40C4:00000000
40C8:00000000
40CC:00000000
40D0:00000000
40D4:00000000
40D8:00000000
40DC:00000000
40E0:00000000
40E4:00000000
40E8:00000000
40EC:00000000
40F0:00000000
40F4:00000000
40F8:00000000
40FC:00000000
4100:00000000
4104:00000000
4108:00000000
410C:00000000
4110:00000000
4114:00000000
4118:00000000
411C:00000000
4120:00000000
4124:00000000
4128:00000000
412C:00000000
4130:00000000
4134:00000000
4138:00000000
413C:00000000
4140:00000000
4144:00000000
4148:00000000
414C:00000000
4150:00000000
4154:00000000
4158:00000000
415C:00000000
4160:00000000
4164:00000000
4168:00000000
416C:00000000
4170:00000000
4174:00000000
4178:00000000
417C:00000000
4180:00000000
4184:00000000
4188:00000000
418C:00000000
4190:00000000
4194:00000000
4198:00000000
419C:00000000
41A0:00000000
41A4:00000000
41A8:00000000
41AC:00000000
41B0:00000000
41B4:00000000
41B8:00000000
41BC:00000000
41C0:00000000
41C4:00000000
41C8:00000000
41CC:00000000
41D0:00000000
41D4:00000000
41D8:00000000
41DC:00000000
41E0:00000000
41E4:00000000
41E8:00000000
41EC:00000000
41F0:00000000
41F4:00000000
41F8:00000000
41FC:00000000
4200:00000000
4204:00000000
4208:00000000
420C:00000000
4210:00000000
4214:00000000
4218:00000000
421C:00000000
4220:00000000
4224:00000000
4228:00000000
422C:00000000
4230:00000000
4234:00000000
4238:00000000
423C:00000000
4240:00000000
4244:00000000
4248:00000000
424C:00000000
4250:00000000
4254:00000000
4258:00000000
425C:00000000
4260:00000000
4264:00000000
4268:00000000
426C:00000000
4270:00000000
4274:00000000
4278:00000000
427C:00000000
4280:00000000
4284:00000000
4288:00000000
428C:00000000
4290:00000000
4294:00000000
4298:00000000
429C:00000000
42A0:00000000
42A4:00000000
42A8:00000000
42AC:00000000
42B0:00000000
42B4:00000000
42B8:00000000
42BC:00000000
42C0:00000000
42C4:00000000
42C8:00000000
42CC:00000000
42D0:00000000
42D4:00000000
42D8:00000000
42DC:00000000
42E0:00000000
42E4:00000000
42E8:00000000
42EC:00000000
42F0:00000000
42F4:00000000
42F8:00000000
42FC:00000000
4300:00000000
4304:00000000
4308:00000000
430C:00000000
4310:00000000
4314:00000000
4318:00000000
431C:00000000
4320:00000000
4324:00000000
4328:00000000
432C:00000000
4330:00000000
4334:00000000
4338:00000000
433C:00000000
4340:00000000
4344:00000000
4348:00000000
434C:00000000
4350:00000000
4354:00000000
4358:00000000
435C:00000000
4360:00000000
4364:00000000
4368:00000000
436C:00000000
4370:00000000
4374:00000000
4378:00000000
437C:00000000
4380:00000000
4384:00000000
4388:00000000
438C:00000000
4390:00000000
4394:00000000
4398:00000000
439C:00000000
43A0:00000000
43A4:00000000
43A8:00000000
43AC:00000000
43B0:00000000
43B4:00000000
43B8:00000000
43BC:00000000
43C0:00000000
43C4:00000000
43C8:00000000
43CC:00000000
43D0:00000000
43D4:00000000
43D8:00000000
43DC:00000000
43E0:00000000
43E4:00000000
43E8:00000000
43EC:00000000
43F0:00000000
43F4:00000000
43F8:00000000
43FC:00000000
4400:00000000
4404:00000000
4408:00000000
440C:00000000
4410:00000000
4414:00000000
4418:00000000
441C:00000000
4420:00000000
4424:00000000
4428:00000000
442C:00000000
4430:00000000
4434:00000000
4438:00000000
443C:00000000
4440:00000000
4444:00000000
4448:00000000
444C:00000000
4450:00000000
4454:00000000
4458:00000000
445C:00000000
4460:00000000
4464:00000000
4468:00000000
446C:00000000
4470:00000000
4474:00000000
4478:00000000
447C:00000000
4480:00000000
4484:00000000
4488:00000000
448C:00000000
4490:00000000
4494:00000000
4498:00000000
449C:00000000
44A0:00000000
44A4:00000000
44A8:00000000
44AC:00000000
44B0:00000000
44B4:00000000
44B8:00000000
44BC:00000000
44C0:00000000
44C4:00000000
44C8:00000000
44CC:00000000
44D0:00000000
44D4:00000000
44D8:00000000
44DC:00000000
44E0:00000000
44E4:00000000
44E8:00000000
44EC:00000000
44F0:00000000
44F4:00000000
44F8:00000000
44FC:00000000
4500:00000000
4504:00000000
4508:00000000
450C:00000000
4510:00000000
4514:00000000
4518:00000000
451C:00000000
4520:00000000
4524:00000000
4528:00000000
452C:00000000
4530:00000000
4534:00000000
4538:00000000
453C:00000000
4540:00000000
4544:00000000
4548:00000000
454C:00000000
4550:00000000
4554:00000000
4558:00000000
455C:00000000
4560:00000000
4564:00000000
4568:00000000
456C:00000000
4570:00000000
4574:00000000
4578:00000000
457C:00000000
4580:00000000
4584:00000000
4588:00000000
458C:00000000
4590:00000000
4594:00000000
4598:00000000
459C:00000000
45A0:00000000
45A4:00000000
45A8:00000000
45AC:00000000
45B0:00000000
45B4:00000000
45B8:00000000
45BC:00000000
45C0:00000000
45C4:00000000
45C8:00000000
45CC:00000000
45D0:00000000
45D4:00000000
45D8:00000000
45DC:00000000
45E0:00000000
45E4:00000000
45E8:00000000
45EC:00000000
45F0:00000000
45F4:00000000
45F8:00000000
45FC:00000000
4600:00000000
4604:00000000
4608:00000000
460C:00000000
4610:00000000
4614:00000000
4618:00000000
461C:00000000
4620:00000000
4624:00000000
4628:00000000
462C:00000000
4630:00000000
4634:00000000
4638:00000000
463C:00000000
4640:00000000
4644:00000000
4648:00000000
464C:00000000
4650:00000000
4654:00000000
4658:00000000
465C:00000000
4660:00000000
4664:00000000
4668:00000000
466C:00000000
4670:00000000
4674:00000000
4678:00000000
467C:00000000
4680:00000000
4684:00000000
4688:00000000
468C:00000000
4690:00000000
4694:00000000
4698:00000000
469C:00000000
46A0:00000000
46A4:00000000
46A8:00000000
46AC:00000000
46B0:00000000
46B4:00000000
46B8:00000000
46BC:00000000
46C0:00000000
46C4:00000000
46C8:00000000
46CC:00000000
46D0:00000000
46D4:00000000
46D8:00000000
46DC:00000000
46E0:00000000
46E4:00000000
46E8:00000000
46EC:00000000
46F0:00000000
46F4:00000000
46F8:00000000
46FC:00000000
4700:00000000
4704:00000000
4708:00000000
470C:00000000
4710:00000000
4714:00000000
4718:00000000
471C:00000000
4720:00000000
4724:00000000
4728:00000000
472C:00000000
4730:00000000
4734:00000000
4738:00000000
473C:00000000
4740:00000000
4744:00000000
4748:00000000
474C:00000000
4750:00000000
4754:00000000
4758:00000000
475C:00000000
4760:00000000
4764:00000000
4768:00000000
476C:00000000
4770:00000000
4774:00000000
4778:00000000
477C:00000000
4780:00000000
4784:00000000
4788:00000000
478C:00000000
4790:00000000
4794:00000000
4798:00000000
479C:00000000
47A0:00000000
47A4:00000000
47A8:00000000
47AC:00000000
47B0:00000000
47B4:00000000
47B8:00000000
47BC:00000000
47C0:00000000
47C4:00000000
47C8:00000000
47CC:00000000
47D0:00000000
47D4:00000000
47D8:00000000
47DC:00000000
47E0:00000000
47E4:00000000
47E8:00000000
47EC:00000000
47F0:00000000
47F4:00000000
47F8:00000000
47FC:00000000
4800:00000000
4804:00000000
4808:00000000
480C:00000000
4810:00000000
4814:00000000
4818:00000000
481C:00000000
4820:00000000
4824:00000000
4828:00000000
482C:00000000
4830:00000000
4834:00000000
4838:00000000
483C:00000000
4840:00000000
4844:00000000
4848:00000000
484C:00000000
4850:00000000
4854:00000000
4858:00000000
485C:00000000
4860:00000000
4864:00000000
4868:00000000
486C:00000000
4870:00000000
4874:00000000
4878:00000000
487C:00000000
4880:00000000
4884:00000000
4888:00000000
488C:00000000
4890:00000000
4894:00000000
4898:00000000
489C:00000000
48A0:00000000
48A4:00000000
48A8:00000000
48AC:00000000
48B0:00000000
48B4:00000000
48B8:00000000
48BC:00000000
48C0:00000000
48C4:00000000
48C8:00000000
48CC:00000000
48D0:00000000
48D4:00000000
48D8:00000000
48DC:00000000
48E0:00000000
48E4:00000000
48E8:00000000
48EC:00000000
48F0:00000000
48F4:00000000
48F8:00000000
48FC:00000000
4900:00000000
4904:00000000
4908:00000000
490C:00000000
4910:00000000
4914:00000000
4918:00000000
491C:00000000
4920:00000000
4924:00000000
4928:00000000
492C:00000000
4930:00000000
4934:00000000
4938:00000000
493C:00000000
4940:00000000
4944:00000000
4948:00000000
494C:00000000
4950:00000000
4954:00000000
4958:00000000
495C:00000000
4960:00000000
4964:00000000
4968:00000000
496C:00000000
4970:00000000
4974:00000000
4978:00000000
497C:00000000
4980:00000000
4984:00000000
4988:00000000
498C:00000000
4990:00000000
4994:00000000
4998:00000000
499C:00000000
49A0:00000000
49A4:00000000
49A8:00000000
49AC:00000000
49B0:00000000
49B4:00000000
49B8:00000000
49BC:00000000
49C0:00000000
49C4:00000000
49C8:00000000
49CC:00000000
49D0:00000000
49D4:00000000
49D8:00000000
49DC:00000000
49E0:00000000
49E4:00000000
49E8:00000000
49EC:00000000
49F0:00000000
49F4:00000000
49F8:00000000
49FC:00000000
4A00:00000000
4A04:00000000
4A08:00000000
4A0C:00000000
4A10:00000000
4A14:00000000
4A18:00000000
4A1C:00000000
4A20:00000000
4A24:00000000
4A28:00000000
4A2C:00000000
4A30:00000000
4A34:00000000
4A38:00000000
4A3C:00000000
4A40:00000000
4A44:00000000
4A48:00000000
4A4C:00000000
4A50:00000000
4A54:00000000
4A58:00000000
4A5C:00000000
4A60:00000000
4A64:00000000
4A68:00000000
4A6C:00000000
4A70:00000000
4A74:00000000
4A78:00000000
4A7C:00000000
4A80:00000000
4A84:00000000
4A88:00000000
4A8C:00000000
4A90:00000000
4A94:00000000
4A98:00000000
4A9C:00000000
4AA0:00000000
4AA4:00000000
4AA8:00000000
4AAC:00000000
4AB0:00000000
4AB4:00000000
4AB8:00000000
4ABC:00000000
4AC0:00000000
4AC4:00000000
4AC8:00000000
4ACC:00000000
4AD0:00000000
4AD4:00000000
4AD8:00000000
4ADC:00000000
4AE0:00000000
4AE4:00000000
4AE8:00000000
4AEC:00000000
4AF0:00000000
4AF4:00000000
4AF8:00000000
4AFC:00000000
4B00:00000000
4B04:00000000
4B08:00000000
4B0C:00000000
4B10:00000000
4B14:00000000
4B18:00000000
4B1C:00000000
4B20:00000000
4B24:00000000
4B28:00000000
4B2C:00000000
4B30:00000000
4B34:00000000
4B38:00000000
4B3C:00000000
4B40:00000000
4B44:00000000
4B48:00000000
4B4C:00000000
4B50:00000000
4B54:00000000
4B58:00000000
4B5C:00000000
4B60:00000000
4B64:00000000
4B68:00000000
4B6C:00000000
4B70:00000000
4B74:00000000
4B78:00000000
4B7C:00000000
4B80:00000000
4B84:00000000
4B88:00000000
4B8C:00000000
4B90:00000000
4B94:00000000
4B98:00000000
4B9C:00000000
4BA0:00000000
4BA4:00000000
4BA8:00000000
4BAC:00000000
4BB0:00000000
4BB4:00000000
4BB8:00000000
4BBC:00000000
4BC0:00000000
4BC4:00000000
4BC8:00000000
4BCC:00000000
4BD0:00000000
4BD4:00000000
4BD8:00000000
4BDC:00000000
4BE0:00000000
4BE4:00000000
4BE8:00000000
4BEC:00000000
4BF0:00000000
4BF4:00000000
4BF8:00000000
4BFC:00000000
4C00:00000000
4C04:00000000
4C08:00000000
4C0C:00000000
4C10:00000000
4C14:00000000
4C18:00000000
4C1C:00000000
4C20:00000000
4C24:00000000
4C28:00000000
4C2C:00000000
4C30:00000000
4C34:00000000
4C38:00000000
4C3C:00000000
4C40:00000000
4C44:00000000
4C48:00000000
4C4C:00000000
4C50:00000000
4C54:00000000
4C58:00000000
4C5C:00000000
4C60:00000000
4C64:00000000
4C68:00000000
4C6C:00000000
4C70:00000000
4C74:00000000
4C78:00000000
4C7C:00000000
4C80:00000000
4C84:00000000
4C88:00000000
4C8C:00000000
4C90:00000000
4C94:00000000
4C98:00000000
4C9C:00000000
4CA0:00000000
4CA4:00000000
4CA8:00000000
4CAC:00000000
4CB0:00000000
4CB4:00000000
4CB8:00000000
4CBC:00000000
4CC0:00000000
4CC4:00000000
4CC8:00000000
4CCC:00000000
4CD0:00000000
4CD4:00000000
4CD8:00000000
4CDC:00000000
4CE0:00000000
4CE4:00000000
4CE8:00000000
4CEC:00000000
4CF0:00000000
4CF4:00000000
4CF8:00000000
4CFC:00000000
4D00:00000000
4D04:00000000
4D08:00000000
4D0C:00000000
4D10:00000000
4D14:00000000
4D18:00000000
4D1C:00000000
4D20:00000000
4D24:00000000
4D28:00000000
4D2C:00000000
4D30:00000000
4D34:00000000
4D38:00000000
4D3C:00000000
4D40:00000000
4D44:00000000
4D48:00000000
4D4C:00000000
4D50:00000000
4D54:00000000
4D58:00000000
4D5C:00000000
4D60:00000000
4D64:00000000
4D68:00000000
4D6C:00000000
4D70:00000000
4D74:00000000
4D78:00000000
4D7C:00000000
4D80:00000000
4D84:00000000
4D88:00000000
4D8C:00000000
4D90:00000000
4D94:00000000
4D98:00000000
4D9C:00000000
4DA0:00000000
4DA4:00000000
4DA8:00000000
4DAC:00000000
4DB0:00000000
4DB4:00000000
4DB8:00000000
4DBC:00000000
4DC0:00000000
4DC4:00000000
4DC8:00000000
4DCC:00000000
4DD0:00000000
4DD4:00000000
4DD8:00000000
4DDC:00000000
4DE0:00000000
4DE4:00000000
4DE8:00000000
4DEC:00000000
4DF0:00000000
4DF4:00000000
4DF8:00000000
4DFC:00000000
4E00:00000000
4E04:00000000
4E08:00000000
4E0C:00000000
4E10:00000000
4E14:00000000
4E18:00000000
4E1C:00000000
4E20:00000000
4E24:00000000
4E28:00000000
4E2C:00000000
4E30:00000000
4E34:00000000
4E38:00000000
4E3C:00000000
4E40:00000000
4E44:00000000
4E48:00000000
4E4C:00000000
4E50:00000000
4E54:00000000
4E58:00000000
4E5C:00000000
4E60:00000000
4E64:00000000
4E68:00000000
4E6C:00000000
4E70:00000000
4E74:00000000
4E78:00000000
4E7C:00000000
4E80:00000000
4E84:00000000
4E88:00000000
4E8C:00000000
4E90:00000000
4E94:00000000
4E98:00000000
4E9C:00000000
4EA0:00000000
4EA4:00000000
4EA8:00000000
4EAC:00000000
4EB0:00000000
4EB4:00000000
4EB8:00000000
4EBC:00000000
4EC0:00000000
4EC4:00000000
4EC8:00000000
4ECC:00000000
4ED0:00000000
4ED4:00000000
4ED8:00000000
4EDC:00000000
4EE0:00000000
4EE4:00000000
4EE8:00000000
4EEC:00000000
4EF0:00000000
4EF4:00000000
4EF8:00000000
4EFC:00000000
4F00:00000000
4F04:00000000
4F08:00000000
4F0C:00000000
4F10:00000000
4F14:00000000
4F18:00000000
4F1C:00000000
4F20:00000000
4F24:00000000
4F28:00000000
4F2C:00000000
4F30:00000000
4F34:00000000
4F38:00000000
4F3C:00000000
4F40:00000000
4F44:00000000
4F48:00000000
4F4C:00000000
4F50:00000000
4F54:00000000
4F58:00000000
4F5C:00000000
4F60:00000000
4F64:00000000
4F68:00000000
4F6C:00000000
4F70:00000000
4F74:00000000
4F78:00000000
4F7C:00000000
4F80:00000000
4F84:00000000
4F88:00000000
4F8C:00000000
4F90:00000000
4F94:00000000
4F98:00000000
4F9C:00000000
4FA0:00000000
4FA4:00000000
4FA8:00000000
4FAC:00000000
4FB0:00000000
4FB4:00000000
4FB8:00000000
4FBC:00000000
4FC0:00000000
4FC4:00000000
4FC8:00000000
4FCC:00000000
4FD0:00000000
4FD4:00000000
4FD8:00000000
4FDC:00000000
4FE0:00000000
4FE4:00000000
4FE8:00000000
4FEC:00000000
4FF0:00000000
4FF4:00000000
4FF8:00000000
4FFC:00000000
5000:00000000
5004:00000000
5008:00000000
500C:00000000
5010:00000000
5014:00000000
5018:00000000
501C:00000000
5020:00000000
5024:00000000
5028:00000000
502C:00000000
5030:00000000
5034:00000000
5038:00000000
503C:00000000
5040:00000000
5044:00000000
5048:00000000
504C:00000000
5050:00000000
5054:00000000
5058:00000000
505C:00000000
5060:00000000
5064:00000000
5068:00000000
506C:00000000
5070:00000000
5074:00000000
5078:00000000
507C:00000000
5080:00000000
5084:00000000
5088:00000000
508C:00000000
5090:00000000
5094:00000000
5098:00000000
509C:00000000
50A0:00000000
50A4:00000000
50A8:00000000
50AC:00000000
50B0:00000000
50B4:00000000
50B8:00000000
50BC:00000000
50C0:00000000
50C4:00000000
50C8:00000000
50CC:00000000
50D0:00000000
50D4:00000000
50D8:00000000
50DC:00000000
50E0:00000000
50E4:00000000
50E8:00000000
50EC:00000000
50F0:00000000
50F4:00000000
50F8:00000000
50FC:00000000
5100:00000000
5104:00000000
5108:00000000
510C:00000000
5110:00000000
5114:00000000
5118:00000000
511C:00000000
5120:00000000
5124:00000000
5128:00000000
512C:00000000
5130:00000000
5134:00000000
5138:00000000
513C:00000000
5140:00000000
5144:00000000
5148:00000000
514C:00000000
5150:00000000
5154:00000000
5158:00000000
515C:00000000
5160:00000000
5164:00000000
5168:00000000
516C:00000000
5170:00000000
5174:00000000
5178:00000000
517C:00000000
5180:00000000
5184:00000000
5188:00000000
518C:00000000
5190:00000000
5194:00000000
5198:00000000
519C:00000000
51A0:00000000
51A4:00000000
51A8:00000000
51AC:00000000
51B0:00000000
51B4:00000000
51B8:00000000
51BC:00000000
51C0:00000000
51C4:00000000
51C8:00000000
51CC:00000000
51D0:00000000
51D4:00000000
51D8:00000000
51DC:00000000
51E0:00000000
51E4:00000000
51E8:00000000
51EC:00000000
51F0:00000000
51F4:00000000
51F8:00000000
51FC:00000000
5200:00000000
5204:00000000
5208:00000000
520C:00000000
5210:00000000
5214:00000000
5218:00000000
521C:00000000
5220:00000000
5224:00000000
5228:00000000
522C:00000000
5230:00000000
5234:00000000
5238:00000000
523C:00000000
5240:00000000
5244:00000000
5248:00000000
524C:00000000
5250:00000000
5254:00000000
5258:00000000
525C:00000000
5260:00000000
5264:00000000
5268:00000000
526C:00000000
5270:00000000
5274:00000000
5278:00000000
527C:00000000
5280:00000000
5284:00000000
5288:00000000
528C:00000000
5290:00000000
5294:00000000
5298:00000000
529C:00000000
52A0:00000000
52A4:00000000
52A8:00000000
52AC:00000000
52B0:00000000
52B4:00000000
52B8:00000000
52BC:00000000
52C0:00000000
52C4:00000000
52C8:00000000
52CC:00000000
52D0:00000000
52D4:00000000
52D8:00000000
52DC:00000000
52E0:00000000
52E4:00000000
52E8:00000000
52EC:00000000
52F0:00000000
52F4:00000000
52F8:00000000
52FC:00000000
5300:00000000
5304:00000000
5308:00000000
530C:00000000
5310:00000000
5314:00000000
5318:00000000
531C:00000000
5320:00000000
5324:00000000
5328:00000000
532C:00000000
5330:00000000
5334:00000000
5338:00000000
533C:00000000
5340:00000000
5344:00000000
5348:00000000
534C:00000000
5350:00000000
5354:00000000
5358:00000000
535C:00000000
5360:00000000
5364:00000000
5368:00000000
536C:00000000
5370:00000000
5374:00000000
5378:00000000
537C:00000000
5380:00000000
5384:00000000
5388:00000000
538C:00000000
5390:00000000
5394:00000000
5398:00000000
539C:00000000
53A0:00000000
53A4:00000000
53A8:00000000
53AC:00000000
53B0:00000000
53B4:00000000
53B8:00000000
53BC:00000000
53C0:00000000
53C4:00000000
53C8:00000000
53CC:00000000
53D0:00000000
53D4:00000000
53D8:00000000
53DC:00000000
53E0:00000000
53E4:00000000
53E8:00000000
53EC:00000000
53F0:00000000
53F4:00000000
53F8:00000000
53FC:00000000
5400:00000000
5404:00000000
5408:00000000
540C:00000000
5410:00000000
5414:00000000
5418:00000000
541C:00000000
5420:00000000
5424:00000000
5428:00000000
542C:00000000
5430:00000000
5434:00000000
5438:00000000
543C:00000000
5440:00000000
5444:00000000
5448:00000000
544C:00000000
5450:00000000
5454:00000000
5458:00000000
545C:00000000
5460:00000000
5464:00000000
5468:00000000
546C:00000000
5470:00000000
5474:00000000
5478:00000000
547C:00000000
5480:00000000
5484:00000000
5488:00000000
548C:00000000
5490:00000000
5494:00000000
5498:00000000
549C:00000000
54A0:00000000
54A4:00000000
54A8:00000000
54AC:00000000
54B0:00000000
54B4:00000000
54B8:00000000
54BC:00000000
54C0:00000000
54C4:00000000
54C8:00000000
54CC:00000000
54D0:00000000
54D4:00000000
54D8:00000000
54DC:00000000
54E0:00000000
54E4:00000000
54E8:00000000
54EC:00000000
54F0:00000000
54F4:00000000
54F8:00000000
54FC:00000000
5500:00000000
5504:00000000
5508:00000000
550C:00000000
5510:00000000
5514:00000000
5518:00000000
551C:00000000
5520:00000000
5524:00000000
5528:00000000
552C:00000000
5530:00000000
5534:00000000
5538:00000000
553C:00000000
5540:00000000
5544:00000000
5548:00000000
554C:00000000
5550:00000000
5554:00000000
5558:00000000
555C:00000000
5560:00000000
5564:00000000
5568:00000000
556C:00000000
5570:00000000
5574:00000000
5578:00000000
557C:00000000
5580:00000000
5584:00000000
5588:00000000
558C:00000000
5590:00000000
5594:00000000
5598:00000000
559C:00000000
55A0:00000000
55A4:00000000
55A8:00000000
55AC:00000000
55B0:00000000
55B4:00000000
55B8:00000000
55BC:00000000
55C0:00000000
55C4:00000000
55C8:00000000
55CC:00000000
55D0:00000000
55D4:00000000
55D8:00000000
55DC:00000000
55E0:00000000
55E4:00000000
55E8:00000000
55EC:00000000
55F0:00000000
55F4:00000000
55F8:00000000
55FC:00000000
5600:00000000
5604:00000000
5608:00000000
560C:00000000
5610:00000000
5614:00000000
5618:00000000
561C:00000000
5620:00000000
5624:00000000
5628:00000000
562C:00000000
5630:00000000
5634:00000000
5638:00000000
563C:00000000
5640:00000000
5644:00000000
5648:00000000
564C:00000000
5650:00000000
5654:00000000
5658:00000000
565C:00000000
5660:00000000
5664:00000000
5668:00000000
566C:00000000
5670:00000000
5674:00000000
5678:00000000
567C:00000000
5680:00000000
5684:00000000
5688:00000000
568C:00000000
5690:00000000
5694:00000000
5698:00000000
569C:00000000
56A0:00000000
56A4:00000000
56A8:00000000
56AC:00000000
56B0:00000000
56B4:00000000
56B8:00000000
56BC:00000000
56C0:00000000
56C4:00000000
56C8:00000000
56CC:00000000
56D0:00000000
56D4:00000000
56D8:00000000
56DC:00000000
56E0:00000000
56E4:00000000
56E8:00000000
56EC:00000000
56F0:00000000
56F4:00000000
56F8:00000000
56FC:00000000
5700:00000000
5704:00000000
5708:00000000
570C:00000000
5710:00000000
5714:00000000
5718:00000000
571C:00000000
5720:00000000
5724:00000000
5728:00000000
572C:00000000
5730:00000000
5734:00000000
5738:00000000
573C:00000000
5740:00000000
5744:00000000
5748:00000000
574C:00000000
5750:00000000
5754:00000000
5758:00000000
575C:00000000
5760:00000000
5764:00000000
5768:00000000
576C:00000000
5770:00000000
5774:00000000
5778:00000000
577C:00000000
5780:00000000
5784:00000000
5788:00000000
578C:00000000
5790:00000000
5794:00000000
5798:00000000
579C:00000000
57A0:00000000
57A4:00000000
57A8:00000000
57AC:00000000
57B0:00000000
57B4:00000000
57B8:00000000
57BC:00000000
57C0:00000000
57C4:00000000
57C8:00000000
57CC:00000000
57D0:00000000
57D4:00000000
57D8:00000000
57DC:00000000
57E0:00000000
57E4:00000000
57E8:00000000
57EC:00000000
57F0:00000000
57F4:00000000
57F8:00000000
57FC:00000000
5800:00000000
5804:00000000
5808:00000000
580C:00000000
5810:00000000
5814:00000000
5818:00000000
581C:00000000
5820:00000000
5824:00000000
5828:00000000
582C:00000000
5830:00000000
5834:00000000
5838:00000000
583C:00000000
5840:00000000
5844:00000000
5848:00000000
584C:00000000
5850:00000000
5854:00000000
5858:00000000
585C:00000000
5860:00000000
5864:00000000
5868:00000000
586C:00000000
5870:00000000
5874:00000000
5878:00000000
587C:00000000
5880:00000000
5884:00000000
5888:00000000
588C:00000000
5890:00000000
5894:00000000
5898:00000000
589C:00000000
58A0:00000000
58A4:00000000
58A8:00000000
58AC:00000000
58B0:00000000
58B4:00000000
58B8:00000000
58BC:00000000
58C0:00000000
58C4:00000000
58C8:00000000
58CC:00000000
58D0:00000000
58D4:00000000
58D8:00000000
58DC:00000000
58E0:00000000
58E4:00000000
58E8:00000000
58EC:00000000
58F0:00000000
58F4:00000000
58F8:00000000
58FC:00000000
5900:00000000
5904:00000000
5908:00000000
590C:00000000
5910:00000000
5914:00000000
5918:00000000
591C:00000000
5920:00000000
5924:00000000
5928:00000000
592C:00000000
5930:00000000
5934:00000000
5938:00000000
593C:00000000
5940:00000000
5944:00000000
5948:00000000
594C:00000000
5950:00000000
5954:00000000
5958:00000000
595C:00000000
5960:00000000
5964:00000000
5968:00000000
596C:00000000
5970:00000000
5974:00000000
5978:00000000
597C:00000000
5980:00000000
5984:00000000
5988:00000000
598C:00000000
5990:00000000
5994:00000000
5998:00000000
599C:00000000
59A0:00000000
59A4:00000000
59A8:00000000
59AC:00000000
59B0:00000000
59B4:00000000
59B8:00000000
59BC:00000000
59C0:00000000
59C4:00000000
59C8:00000000
59CC:00000000
59D0:00000000
59D4:00000000
59D8:00000000
59DC:00000000
59E0:00000000
59E4:00000000
59E8:00000000
59EC:00000000
59F0:00000000
59F4:00000000
59F8:00000000
59FC:00000000
5A00:00000000
5A04:00000000
5A08:00000000
5A0C:00000000
5A10:00000000
5A14:00000000
5A18:00000000
5A1C:00000000
5A20:00000000
5A24:00000000
5A28:00000000
5A2C:00000000
5A30:00000000
5A34:00000000
5A38:00000000
5A3C:00000000
5A40:00000000
5A44:00000000
5A48:00000000
5A4C:00000000
5A50:00000000
5A54:00000000
5A58:00000000
5A5C:00000000
5A60:00000000
5A64:00000000
5A68:00000000
5A6C:00000000
5A70:00000000
5A74:00000000
5A78:00000000
5A7C:00000000
5A80:00000000
5A84:00000000
5A88:00000000
5A8C:00000000
5A90:00000000
5A94:00000000
5A98:00000000
5A9C:00000000
5AA0:00000000
5AA4:00000000
5AA8:00000000
5AAC:00000000
5AB0:00000000
5AB4:00000000
5AB8:00000000
5ABC:00000000
5AC0:00000000
5AC4:00000000
5AC8:00000000
5ACC:00000000
5AD0:00000000
5AD4:00000000
5AD8:00000000
5ADC:00000000
5AE0:00000000
5AE4:00000000
5AE8:00000000
5AEC:00000000
5AF0:00000000
5AF4:00000000
5AF8:00000000
5AFC:00000000
5B00:00000000
5B04:00000000
5B08:00000000
5B0C:00000000
5B10:00000000
5B14:00000000
5B18:00000000
5B1C:00000000
5B20:00000000
5B24:00000000
5B28:00000000
5B2C:00000000
5B30:00000000
5B34:00000000
5B38:00000000
5B3C:00000000
5B40:00000000
5B44:00000000
5B48:00000000
5B4C:00000000
5B50:00000000
5B54:00000000
5B58:00000000
5B5C:00000000
5B60:00000000
5B64:00000000
5B68:00000000
5B6C:00000000
5B70:00000000
5B74:00000000
5B78:00000000
5B7C:00000000
5B80:00000000
5B84:00000000
5B88:00000000
5B8C:00000000
5B90:00000000
5B94:00000000
5B98:00000000
5B9C:00000000
5BA0:00000000
5BA4:00000000
5BA8:00000000
5BAC:00000000
5BB0:00000000
5BB4:00000000
5BB8:00000000
5BBC:00000000
5BC0:00000000
5BC4:00000000
5BC8:00000000
5BCC:00000000
5BD0:00000000
5BD4:00000000
5BD8:00000000
5BDC:00000000
5BE0:00000000
5BE4:00000000
5BE8:00000000
5BEC:00000000
5BF0:00000000
5BF4:00000000
5BF8:00000000
5BFC:00000000
5C00:00000000
5C04:00000000
5C08:00000000
5C0C:00000000
5C10:00000000
5C14:00000000
5C18:00000000
5C1C:00000000
5C20:00000000
5C24:00000000
5C28:00000000
5C2C:00000000
5C30:00000000
5C34:00000000
5C38:00000000
5C3C:00000000
5C40:00000000
5C44:00000000
5C48:00000000
5C4C:00000000
5C50:00000000
5C54:00000000
5C58:00000000
5C5C:00000000
5C60:00000000
5C64:00000000
5C68:00000000
5C6C:00000000
5C70:00000000
5C74:00000000
5C78:00000000
5C7C:00000000
5C80:00000000
5C84:00000000
5C88:00000000
5C8C:00000000
5C90:00000000
5C94:00000000
5C98:00000000
5C9C:00000000
5CA0:00000000
5CA4:00000000
5CA8:00000000
5CAC:00000000
5CB0:00000000
5CB4:00000000
5CB8:00000000
5CBC:00000000
5CC0:00000000
5CC4:00000000
5CC8:00000000
5CCC:00000000
5CD0:00000000
5CD4:00000000
5CD8:00000000
5CDC:00000000
5CE0:00000000
5CE4:00000000
5CE8:00000000
5CEC:00000000
5CF0:00000000
5CF4:00000000
5CF8:00000000
5CFC:00000000
5D00:00000000
5D04:00000000
5D08:00000000
5D0C:00000000
5D10:00000000
5D14:00000000
5D18:00000000
5D1C:00000000
5D20:00000000
5D24:00000000
5D28:00000000
5D2C:00000000
5D30:00000000
5D34:00000000
5D38:00000000
5D3C:00000000
5D40:00000000
5D44:00000000
5D48:00000000
5D4C:00000000
5D50:00000000
5D54:00000000
5D58:00000000
5D5C:00000000
5D60:00000000
5D64:00000000
5D68:00000000
5D6C:00000000
5D70:00000000
5D74:00000000
5D78:00000000
5D7C:00000000
5D80:00000000
5D84:00000000
5D88:00000000
5D8C:00000000
5D90:00000000
5D94:00000000
5D98:00000000
5D9C:00000000
5DA0:00000000
5DA4:00000000
5DA8:00000000
5DAC:00000000
5DB0:00000000
5DB4:00000000
5DB8:00000000
5DBC:00000000
5DC0:00000000
5DC4:00000000
5DC8:00000000
5DCC:00000000
5DD0:00000000
5DD4:00000000
5DD8:00000000
5DDC:00000000
5DE0:00000000
5DE4:00000000
5DE8:00000000
5DEC:00000000
5DF0:00000000
5DF4:00000000
5DF8:00000000
5DFC:00000000
5E00:00000000
5E04:00000000
5E08:00000000
5E0C:00000000
5E10:00000000
5E14:00000000
5E18:00000000
5E1C:00000000
5E20:00000000
5E24:00000000
5E28:00000000
5E2C:00000000
5E30:00000000
5E34:00000000
5E38:00000000
5E3C:00000000
5E40:00000000
5E44:00000000
5E48:00000000
5E4C:00000000
5E50:00000000
5E54:00000000
5E58:00000000
5E5C:00000000
5E60:00000000
5E64:00000000
5E68:00000000
5E6C:00000000
5E70:00000000
5E74:00000000
5E78:00000000
5E7C:00000000
5E80:00000000
5E84:00000000
5E88:00000000
5E8C:00000000
5E90:00000000
5E94:00000000
5E98:00000000
5E9C:00000000
5EA0:00000000
5EA4:00000000
5EA8:00000000
5EAC:00000000
5EB0:00000000
5EB4:00000000
5EB8:00000000
5EBC:00000000
5EC0:00000000
5EC4:00000000
5EC8:00000000
5ECC:00000000
5ED0:00000000
5ED4:00000000
5ED8:00000000
5EDC:00000000
5EE0:00000000
5EE4:00000000
5EE8:00000000
5EEC:00000000
5EF0:00000000
5EF4:00000000
5EF8:00000000
5EFC:00000000
5F00:00000000
5F04:00000000
5F08:00000000
5F0C:00000000
5F10:00000000
5F14:00000000
5F18:00000000
5F1C:00000000
5F20:00000000
5F24:00000000
5F28:00000000
5F2C:00000000
5F30:00000000
5F34:00000000
5F38:00000000
5F3C:00000000
5F40:00000000
5F44:00000000
5F48:00000000
5F4C:00000000
5F50:00000000
5F54:00000000
5F58:00000000
5F5C:00000000
5F60:00000000
5F64:00000000
5F68:00000000
5F6C:00000000
5F70:00000000
5F74:00000000
5F78:00000000
5F7C:00000000
5F80:00000000
5F84:00000000
5F88:00000000
5F8C:00000000
5F90:00000000
5F94:00000000
5F98:00000000
5F9C:00000000
5FA0:00000000
5FA4:00000000
5FA8:00000000
5FAC:00000000
5FB0:00000000
5FB4:00000000
5FB8:00000000
5FBC:00000000
5FC0:00000000
5FC4:00000000
5FC8:00000000
5FCC:00000000
5FD0:00000000
5FD4:00000000
5FD8:00000000
5FDC:00000000
5FE0:00000000
5FE4:00000000
5FE8:00000000
5FEC:00000000
5FF0:00000000
5FF4:00000000
5FF8:00000000
5FFC:00000000
6000:		END
romSize		EQU 2000
romArea		EQU 4000
ramArea		EQU E000
INITXT		EQU 006C
CHPUT		EQU 00A2
		ORG 4000
4000:4142	DEFB of 2 bytes
4002:1040	DEFW of 1 words
4004:0000	DEFW of 1 words
4006:0000	DEFW of 1 words
4008:0000	DEFW of 1 words
400A:00000000	DEFS of 6 bytes with value 00
400E:0000
4010:		label startProgram
		PROC
4010:CD6C00	CALL 006C
4013:0647	LD B, 47
4015:		label writeMore
4015:212740	LD HL, 4027
4018:		label getChar
4018:7E		LD A, (HL)
4019:FE00	CP 00
401B:2806	JR Z, 4023
401D:CDA200	CALL 00A2
4020:23		INC HL
4021:18F5	JR 4018
4023:		label writeLoop
4023:10F0	DJNZ 4015
4025:		label loop
4025:18FE	JR 4025
		ENDP
4027:		label helloWorld
4027:48656C6C	DEFB of 13 bytes
402B:6F20576F
402F:726C6421
4033:00
4034:		label romPad
4034:00000000	DEFS of 8140 bytes with value 00
4038:00000000
403C:00000000
4040:00000000
4044:00000000
4048:00000000
404C:00000000
4050:00000000
4054:00000000
4058:00000000
405C:00000000
4060:00000000
4064:00000000
4068:00000000
406C:00000000
4070:00000000
4074:00000000
4078:00000000
407C:00000000
4080:00000000
4084:00000000
4088:00000000
408C:00000000
4090:00000000
4094:00000000
4098:00000000
409C:00000000
40A0:00000000
40A4:00000000
40A8:00000000
40AC:00000000
40B0:00000000
40B4:00000000
40B8:00000000
40BC:00000000
40C0:00000000
40C4:00000000
40C8:00000000
40CC:00000000
40D0:00000000
40D4:00000000
40D8:00000000
40DC:00000000
40E0:00000000
40E4:00000000
40E8:00000000
40EC:00000000
40F0:00000000
40F4:00000000
40F8:00000000
40FC:00000000
4100:00000000
4104:00000000
4108:00000000
410C:00000000
4110:00000000
4114:00000000
4118:00000000
411C:00000000
4120:00000000
4124:00000000
4128:00000000
412C:00000000
4130:00000000
4134:00000000
4138:00000000
413C:00000000
4140:00000000
4144:00000000
4148:00000000
414C:00000000
4150:00000000
4154:00000000
4158:00000000
415C:00000000
4160:00000000
4164:00000000
4168:00000000
416C:00000000
4170:00000000
4174:00000000
4178:00000000
417C:00000000
4180:00000000
4184:00000000
4188:00000000
418C:00000000
4190:00000000
4194:00000000
4198:00000000
419C:00000000
41A0:00000000
41A4:00000000
41A8:00000000
41AC:00000000
41B0:00000000
41B4:00000000
41B8:00000000
41BC:00000000
41C0:00000000
41C4:00000000
41C8:00000000
41CC:00000000
41D0:00000000
41D4:00000000
41D8:00000000
41DC:00000000
41E0:00000000
41E4:00000000
41E8:00000000
41EC:00000000
41F0:00000000
41F4:00000000
41F8:00000000
41FC:00000000
4200:00000000
4204:00000000
4208:00000000
420C:00000000
4210:00000000
4214:00000000
4218:00000000
421C:00000000
4220:00000000
4224:00000000
4228:00000000
422C:00000000
4230:00000000
4234:00000000
4238:00000000
423C:00000000
4240:00000000
4244:00000000
4248:00000000
424C:00000000
4250:00000000
4254:00000000
4258:00000000
425C:00000000
4260:00000000
4264:00000000
4268:00000000
426C:00000000
4270:00000000
4274:00000000
4278:00000000
427C:00000000
4280:00000000
4284:00000000
4288:00000000
428C:00000000
4290:00000000
4294:00000000
4298:00000000
429C:00000000
42A0:00000000
42A4:00000000
42A8:00000000
42AC:00000000
42B0:00000000
42B4:00000000
42B8:00000000
42BC:00000000
42C0:00000000
42C4:00000000
42C8:00000000
42CC:00000000
42D0:00000000
42D4:00000000
42D8:00000000
42DC:00000000
42E0:00000000
42E4:00000000
42E8:00000000
42EC:00000000
42F0:00000000
42F4:00000000
42F8:00000000
42FC:00000000
4300:00000000
4304:00000000
4308:00000000
430C:00000000
4310:00000000
4314:00000000
4318:00000000
431C:00000000
4320:00000000
4324:00000000
4328:00000000
432C:00000000
4330:00000000
4334:00000000
4338:00000000
433C:00000000
4340:00000000
4344:00000000
4348:00000000
434C:00000000
4350:00000000
4354:00000000
4358:00000000
435C:00000000
4360:00000000
4364:00000000
4368:00000000
436C:00000000
4370:00000000
4374:00000000
4378:00000000
437C:00000000
4380:00000000
4384:00000000
4388:00000000
438C:00000000
4390:00000000
4394:00000000
4398:00000000
439C:00000000
43A0:00000000
43A4:00000000
43A8:00000000
43AC:00000000
43B0:00000000
43B4:00000000
43B8:00000000
43BC:00000000
43C0:00000000
43C4:00000000
43C8:00000000
43CC:00000000
43D0:00000000
43D4:00000000
43D8:00000000
43DC:00000000
43E0:00000000
43E4:00000000
43E8:00000000
43EC:00000000
43F0:00000000
43F4:00000000
43F8:00000000
43FC:00000000
4400:00000000
4404:00000000
4408:00000000
440C:00000000
4410:00000000
4414:00000000
4418:00000000
441C:00000000
4420:00000000
4424:00000000
4428:00000000
442C:00000000
4430:00000000
4434:00000000
4438:00000000
443C:00000000
4440:00000000
4444:00000000
4448:00000000
444C:00000000
4450:00000000
4454:00000000
4458:00000000
445C:00000000
4460:00000000
4464:00000000
4468:00000000
446C:00000000
4470:00000000
4474:00000000
4478:00000000
447C:00000000
4480:00000000
4484:00000000
4488:00000000
448C:00000000
4490:00000000
4494:00000000
4498:00000000
449C:00000000
44A0:00000000
44A4:00000000
44A8:00000000
44AC:00000000
44B0:00000000
44B4:00000000
44B8:00000000
44BC:00000000
44C0:00000000
44C4:00000000
44C8:00000000
44CC:00000000
44D0:00000000
44D4:00000000
44D8:00000000
44DC:00000000
44E0:00000000
44E4:00000000
44E8:00000000
44EC:00000000
44F0:00000000
44F4:00000000
44F8:00000000
44FC:00000000
4500:00000000
4504:00000000
4508:00000000
450C:00000000
4510:00000000
4514:00000000
4518:00000000
451C:00000000
4520:00000000
4524:00000000
4528:00000000
452C:00000000
4530:00000000
4534:00000000
4538:00000000
453C:00000000
4540:00000000
4544:00000000
4548:00000000
454C:00000000
4550:00000000
4554:00000000
4558:00000000
455C:00000000
4560:00000000
4564:00000000
4568:00000000
456C:00000000
4570:00000000
4574:00000000
4578:00000000
457C:00000000
4580:00000000
4584:00000000
4588:00000000
458C:00000000
4590:00000000
4594:00000000
4598:00000000
459C:00000000
45A0:00000000
45A4:00000000
45A8:00000000
45AC:00000000
45B0:00000000
45B4:00000000
45B8:00000000
45BC:00000000
45C0:00000000
45C4:00000000
45C8:00000000
45CC:00000000
45D0:00000000
45D4:00000000
45D8:00000000
45DC:00000000
45E0:00000000
45E4:00000000
45E8:00000000
45EC:00000000
45F0:00000000
45F4:00000000
45F8:00000000
45FC:00000000
4600:00000000
4604:00000000
4608:00000000
460C:00000000
4610:00000000
4614:00000000
4618:00000000
461C:00000000
4620:00000000
4624:00000000
4628:00000000
462C:00000000
4630:00000000
4634:00000000
4638:00000000
463C:00000000
4640:00000000
4644:00000000
4648:00000000
464C:00000000
4650:00000000
4654:00000000
4658:00000000
465C:00000000
4660:00000000
4664:00000000
4668:00000000
466C:00000000
4670:00000000
4674:00000000
4678:00000000
467C:00000000
4680:00000000
4684:00000000
4688:00000000
468C:00000000
4690:00000000
4694:00000000
4698:00000000
469C:00000000
46A0:00000000
46A4:00000000
46A8:00000000
46AC:00000000
46B0:00000000
46B4:00000000
46B8:00000000
46BC:00000000
46C0:00000000
46C4:00000000
46C8:00000000
46CC:00000000
46D0:00000000
46D4:00000000
46D8:00000000
46DC:00000000
46E0:00000000
46E4:00000000
46E8:00000000
46EC:00000000
46F0:00000000
46F4:00000000
46F8:00000000
46FC:00000000
4700:00000000
4704:00000000
4708:00000000
470C:00000000
4710:00000000
4714:00000000
4718:00000000
471C:00000000
4720:00000000
4724:00000000
4728:00000000
472C:00000000
4730:00000000
4734:00000000
4738:00000000
473C:00000000
4740:00000000
4744:00000000
4748:00000000
474C:00000000
4750:00000000
4754:00000000
4758:00000000
475C:00000000
4760:00000000
4764:00000000
4768:00000000
476C:00000000
4770:00000000
4774:00000000
4778:00000000
477C:00000000
4780:00000000
4784:00000000
4788:00000000
478C:00000000
4790:00000000
4794:00000000
4798:00000000
479C:00000000
47A0:00000000
47A4:00000000
47A8:00000000
47AC:00000000
47B0:00000000
47B4:00000000
47B8:00000000
47BC:00000000
47C0:00000000
47C4:00000000
47C8:00000000
47CC:00000000
47D0:00000000
47D4:00000000
47D8:00000000
47DC:00000000
47E0:00000000
47E4:00000000
47E8:00000000
47EC:00000000
47F0:00000000
47F4:00000000
47F8:00000000
47FC:00000000
4800:00000000
4804:00000000
4808:00000000
480C:00000000
4810:00000000
4814:00000000
4818:00000000
481C:00000000
4820:00000000
4824:00000000
4828:00000000
482C:00000000
4830:00000000
4834:00000000
4838:00000000
483C:00000000
4840:00000000
4844:00000000
4848:00000000
484C:00000000
4850:00000000
4854:00000000
4858:00000000
485C:00000000
4860:00000000
4864:00000000
4868:00000000
486C:00000000
4870:00000000
4874:00000000
4878:00000000
487C:00000000
4880:00000000
4884:00000000
4888:00000000
488C:00000000
4890:00000000
4894:00000000
4898:00000000
489C:00000000
48A0:00000000
48A4:00000000
48A8:00000000
48AC:00000000
48B0:00000000
48B4:00000000
48B8:00000000
48BC:00000000
48C0:00000000
48C4:00000000
48C8:00000000
48CC:00000000
48D0:00000000
48D4:00000000
48D8:00000000
48DC:00000000
48E0:00000000
48E4:00000000
48E8:00000000
48EC:00000000
48F0:00000000
48F4:00000000
48F8:00000000
48FC:00000000
4900:00000000
4904:00000000
4908:00000000
490C:00000000
4910:00000000
4914:00000000
4918:00000000
491C:00000000
4920:00000000
4924:00000000
4928:00000000
492C:00000000
4930:00000000
4934:00000000
4938:00000000
493C:00000000
4940:00000000
4944:00000000
4948:00000000
494C:00000000
4950:00000000
4954:00000000
4958:00000000
495C:00000000
4960:00000000
4964:00000000
4968:00000000
496C:00000000
4970:00000000
4974:00000000
4978:00000000
497C:00000000
4980:00000000
4984:00000000
4988:00000000
498C:00000000
4990:00000000
4994:00000000
4998:00000000
499C:00000000
49A0:00000000
49A4:00000000
49A8:00000000
49AC:00000000
49B0:00000000
49B4:00000000
49B8:00000000
49BC:00000000
49C0:00000000
49C4:00000000
49C8:00000000
49CC:00000000
49D0:00000000
49D4:00000000
49D8:00000000
49DC:00000000
49E0:00000000
49E4:00000000
49E8:00000000
49EC:00000000
49F0:00000000
49F4:00000000
49F8:00000000
49FC:00000000
4A00:00000000
4A04:00000000
4A08:00000000
4A0C:00000000
4A10:00000000
4A14:00000000
4A18:00000000
4A1C:00000000
4A20:00000000
4A24:00000000
4A28:00000000
4A2C:00000000
4A30:00000000
4A34:00000000
4A38:00000000
4A3C:00000000
4A40:00000000
4A44:00000000
4A48:00000000
4A4C:00000000
4A50:00000000
4A54:00000000
4A58:00000000
4A5C:00000000
4A60:00000000
4A64:00000000
4A68:00000000
4A6C:00000000
4A70:00000000
4A74:00000000
4A78:00000000
4A7C:00000000
4A80:00000000
4A84:00000000
4A88:00000000
4A8C:00000000
4A90:00000000
4A94:00000000
4A98:00000000
4A9C:00000000
4AA0:00000000
4AA4:00000000
4AA8:00000000
4AAC:00000000
4AB0:00000000
4AB4:00000000
4AB8:00000000
4ABC:00000000
4AC0:00000000
4AC4:00000000
4AC8:00000000
4ACC:00000000
4AD0:00000000
4AD4:00000000
4AD8:00000000
4ADC:00000000
4AE0:00000000
4AE4:00000000
4AE8:00000000
4AEC:00000000
4AF0:00000000
4AF4:00000000
4AF8:00000000
4AFC:00000000
4B00:00000000
4B04:00000000
4B08:00000000
4B0C:00000000
4B10:00000000
4B14:00000000
4B18:00000000
4B1C:00000000
4B20:00000000
4B24:00000000
4B28:00000000
4B2C:00000000
4B30:00000000
4B34:00000000
4B38:00000000
4B3C:00000000
4B40:00000000
4B44:00000000
4B48:00000000
4B4C:00000000
4B50:00000000
4B54:00000000
4B58:00000000
4B5C:00000000
4B60:00000000
4B64:00000000
4B68:00000000
4B6C:00000000
4B70:00000000
4B74:00000000
4B78:00000000
4B7C:00000000
4B80:00000000
4B84:00000000
4B88:00000000
4B8C:00000000
4B90:00000000
4B94:00000000
4B98:00000000
4B9C:00000000
4BA0:00000000
4BA4:00000000
4BA8:00000000
4BAC:00000000
4BB0:00000000
4BB4:00000000
4BB8:00000000
4BBC:00000000
4BC0:00000000
4BC4:00000000
4BC8:00000000
4BCC:00000000
4BD0:00000000
4BD4:00000000
4BD8:00000000
4BDC:00000000
4BE0:00000000
4BE4:00000000
4BE8:00000000
4BEC:00000000
4BF0:00000000
4BF4:00000000
4BF8:00000000
4BFC:00000000
4C00:00000000
4C04:00000000
4C08:00000000
4C0C:00000000
4C10:00000000
4C14:00000000
4C18:00000000
4C1C:00000000
4C20:00000000
4C24:00000000
4C28:00000000
4C2C:00000000
4C30:00000000
4C34:00000000
4C38:00000000
4C3C:00000000
4C40:00000000
4C44:00000000
4C48:00000000
4C4C:00000000
4C50:00000000
4C54:00000000
4C58:00000000
4C5C:00000000
4C60:00000000
4C64:00000000
4C68:00000000
4C6C:00000000
4C70:00000000
4C74:00000000
4C78:00000000
4C7C:00000000
4C80:00000000
4C84:00000000
4C88:00000000
4C8C:00000000
4C90:00000000
4C94:00000000
4C98:00000000
4C9C:00000000
4CA0:00000000
4CA4:00000000
4CA8:00000000
4CAC:00000000
4CB0:00000000
4CB4:00000000
4CB8:00000000
4CBC:00000000
4CC0:00000000
4CC4:00000000
4CC8:00000000
4CCC:00000000
4CD0:00000000
4CD4:00000000
4CD8:00000000
4CDC:00000000
4CE0:00000000
4CE4:00000000
4CE8:00000000
4CEC:00000000
4CF0:00000000
4CF4:00000000
4CF8:00000000
4CFC:00000000
4D00:00000000
4D04:00000000
4D08:00000000
4D0C:00000000
4D10:00000000
4D14:00000000
4D18:00000000
4D1C:00000000
4D20:00000000
4D24:00000000
4D28:00000000
4D2C:00000000
4D30:00000000
4D34:00000000
4D38:00000000
4D3C:00000000
4D40:00000000
4D44:00000000
4D48:00000000
4D4C:00000000
4D50:00000000
4D54:00000000
4D58:00000000
4D5C:00000000
4D60:00000000
4D64:00000000
4D68:00000000
4D6C:00000000
4D70:00000000
4D74:00000000
4D78:00000000
4D7C:00000000
4D80:00000000
4D84:00000000
4D88:00000000
4D8C:00000000
4D90:00000000
4D94:00000000
4D98:00000000
4D9C:00000000
4DA0:00000000
4DA4:00000000
4DA8:00000000
4DAC:00000000
4DB0:00000000
4DB4:00000000
4DB8:00000000
4DBC:00000000
4DC0:00000000
4DC4:00000000
4DC8:00000000
4DCC:00000000
4DD0:00000000
4DD4:00000000
4DD8:00000000
4DDC:00000000
4DE0:00000000
4DE4:00000000
4DE8:00000000
4DEC:00000000
4DF0:00000000
4DF4:00000000
4DF8:00000000
4DFC:00000000
4E00:00000000
4E04:00000000
4E08:00000000
4E0C:00000000
4E10:00000000
4E14:00000000
4E18:00000000
4E1C:00000000
4E20:00000000
4E24:00000000
4E28:00000000
4E2C:00000000
4E30:00000000
4E34:00000000
4E38:00000000
4E3C:00000000
4E40:00000000
4E44:00000000
4E48:00000000
4E4C:00000000
4E50:00000000
4E54:00000000
4E58:00000000
4E5C:00000000
4E60:00000000
4E64:00000000
4E68:00000000
4E6C:00000000
4E70:00000000
4E74:00000000
4E78:00000000
4E7C:00000000
4E80:00000000
4E84:00000000
4E88:00000000
4E8C:00000000
4E90:00000000
4E94:00000000
4E98:00000000
4E9C:00000000
4EA0:00000000
4EA4:00000000
4EA8:00000000
4EAC:00000000
4EB0:00000000
4EB4:00000000
4EB8:00000000
4EBC:00000000
4EC0:00000000
4EC4:00000000
4EC8:00000000
4ECC:00000000
4ED0:00000000
4ED4:00000000
4ED8:00000000
4EDC:00000000
4EE0:00000000
4EE4:00000000
4EE8:00000000
4EEC:00000000
4EF0:00000000
4EF4:00000000
4EF8:00000000
4EFC:00000000
4F00:00000000
4F04:00000000
4F08:00000000
4F0C:00000000
4F10:00000000
4F14:00000000
4F18:00000000
4F1C:00000000
4F20:00000000
4F24:00000000
4F28:00000000
4F2C:00000000
4F30:00000000
4F34:00000000
4F38:00000000
4F3C:00000000
4F40:00000000
4F44:00000000
4F48:00000000
4F4C:00000000
4F50:00000000
4F54:00000000
4F58:00000000
4F5C:00000000
4F60:00000000
4F64:00000000
4F68:00000000
4F6C:00000000
4F70:00000000
4F74:00000000
4F78:00000000
4F7C:00000000
4F80:00000000
4F84:00000000
4F88:00000000
4F8C:00000000
4F90:00000000
4F94:00000000
4F98:00000000
4F9C:00000000
4FA0:00000000
4FA4:00000000
4FA8:00000000
4FAC:00000000
4FB0:00000000
4FB4:00000000
4FB8:00000000
4FBC:00000000
4FC0:00000000
4FC4:00000000
4FC8:00000000
4FCC:00000000
4FD0:00000000
4FD4:00000000
4FD8:00000000
4FDC:00000000
4FE0:00000000
4FE4:00000000
4FE8:00000000
4FEC:00000000
4FF0:00000000
4FF4:00000000
4FF8:00000000
4FFC:00000000
5000:00000000
5004:00000000
5008:00000000
500C:00000000
5010:00000000
5014:00000000
5018:00000000
501C:00000000
5020:00000000
5024:00000000
5028:00000000
502C:00000000
5030:00000000
5034:00000000
5038:00000000
503C:00000000
5040:00000000
5044:00000000
5048:00000000
504C:00000000
5050:00000000
5054:00000000
5058:00000000
505C:00000000
5060:00000000
5064:00000000
5068:00000000
506C:00000000
5070:00000000
5074:00000000
5078:00000000
507C:00000000
5080:00000000
5084:00000000
5088:00000000
508C:00000000
5090:00000000
5094:00000000
5098:00000000
509C:00000000
50A0:00000000
50A4:00000000
50A8:00000000
50AC:00000000
50B0:00000000
50B4:00000000
50B8:00000000
50BC:00000000
50C0:00000000
50C4:00000000
50C8:00000000
50CC:00000000
50D0:00000000
50D4:00000000
50D8:00000000
50DC:00000000
50E0:00000000
50E4:00000000
50E8:00000000
50EC:00000000
50F0:00000000
50F4:00000000
50F8:00000000
50FC:00000000
5100:00000000
5104:00000000
5108:00000000
510C:00000000
5110:00000000
5114:00000000
5118:00000000
511C:00000000
5120:00000000
5124:00000000
5128:00000000
512C:00000000
5130:00000000
5134:00000000
5138:00000000
513C:00000000
5140:00000000
5144:00000000
5148:00000000
514C:00000000
5150:00000000
5154:00000000
5158:00000000
515C:00000000
5160:00000000
5164:00000000
5168:00000000
516C:00000000
5170:00000000
5174:00000000
5178:00000000
517C:00000000
5180:00000000
5184:00000000
5188:00000000
518C:00000000
5190:00000000
5194:00000000
5198:00000000
519C:00000000
51A0:00000000
51A4:00000000
51A8:00000000
51AC:00000000
51B0:00000000
51B4:00000000
51B8:00000000
51BC:00000000
51C0:00000000
51C4:00000000
51C8:00000000
51CC:00000000
51D0:00000000
51D4:00000000
51D8:00000000
51DC:00000000
51E0:00000000
51E4:00000000
51E8:00000000
51EC:00000000
51F0:00000000
51F4:00000000
51F8:00000000
51FC:00000000
5200:00000000
5204:00000000
5208:00000000
520C:00000000
5210:00000000
5214:00000000
5218:00000000
521C:00000000
5220:00000000
5224:00000000
5228:00000000
522C:00000000
5230:00000000
5234:00000000
5238:00000000
523C:00000000
5240:00000000
5244:00000000
5248:00000000
524C:00000000
5250:00000000
5254:00000000
5258:00000000
525C:00000000
5260:00000000
5264:00000000
5268:00000000
526C:00000000
5270:00000000
5274:00000000
5278:00000000
527C:00000000
5280:00000000
5284:00000000
5288:00000000
528C:00000000
5290:00000000
5294:00000000
5298:00000000
529C:00000000
52A0:00000000
52A4:00000000
52A8:00000000
52AC:00000000
52B0:00000000
52B4:00000000
52B8:00000000
52BC:00000000
52C0:00000000
52C4:00000000
52C8:00000000
52CC:00000000
52D0:00000000
52D4:00000000
52D8:00000000
52DC:00000000
52E0:00000000
52E4:00000000
52E8:00000000
52EC:00000000
52F0:00000000
52F4:00000000
52F8:00000000
52FC:00000000
5300:00000000
5304:00000000
5308:00000000
530C:00000000
5310:00000000
5314:00000000
5318:00000000
531C:00000000
5320:00000000
5324:00000000
5328:00000000
532C:00000000
5330:00000000
5334:00000000
5338:00000000
533C:00000000
5340:00000000
5344:00000000
5348:00000000
534C:00000000
5350:00000000
5354:00000000
5358:00000000
535C:00000000
5360:00000000
5364:00000000
5368:00000000
536C:00000000
5370:00000000
5374:00000000
5378:00000000
537C:00000000
5380:00000000
5384:00000000
5388:00000000
538C:00000000
5390:00000000
5394:00000000
5398:00000000
539C:00000000
53A0:00000000
53A4:00000000
53A8:00000000
53AC:00000000
53B0:00000000
53B4:00000000
53B8:00000000
53BC:00000000
53C0:00000000
53C4:00000000
53C8:00000000
53CC:00000000
53D0:00000000
53D4:00000000
53D8:00000000
53DC:00000000
53E0:00000000
53E4:00000000
53E8:00000000
53EC:00000000
53F0:00000000
53F4:00000000
53F8:00000000
53FC:00000000
5400:00000000
5404:00000000
5408:00000000
540C:00000000
5410:00000000
5414:00000000
5418:00000000
541C:00000000
5420:00000000
5424:00000000
5428:00000000
542C:00000000
5430:00000000
5434:00000000
5438:00000000
543C:00000000
5440:00000000
5444:00000000
5448:00000000
544C:00000000
5450:00000000
5454:00000000
5458:00000000
545C:00000000
5460:00000000
5464:00000000
5468:00000000
546C:00000000
5470:00000000
5474:00000000
5478:00000000
547C:00000000
5480:00000000
5484:00000000
5488:00000000
548C:00000000
5490:00000000
5494:00000000
5498:00000000
549C:00000000
54A0:00000000
54A4:00000000
54A8:00000000
54AC:00000000
54B0:00000000
54B4:00000000
54B8:00000000
54BC:00000000
54C0:00000000
54C4:00000000
54C8:00000000
54CC:00000000
54D0:00000000
54D4:00000000
54D8:00000000
54DC:00000000
54E0:00000000
54E4:00000000
54E8:00000000
54EC:00000000
54F0:00000000
54F4:00000000
54F8:00000000
54FC:00000000
5500:00000000
5504:00000000
5508:00000000
550C:00000000
5510:00000000
5514:00000000
5518:00000000
551C:00000000
5520:00000000
5524:00000000
5528:00000000
552C:00000000
5530:00000000
5534:00000000
5538:00000000
553C:00000000
5540:00000000
5544:00000000
5548:00000000
554C:00000000
5550:00000000
5554:00000000
5558:00000000
555C:00000000
5560:00000000
5564:00000000
5568:00000000
556C:00000000
5570:00000000
5574:00000000
5578:00000000
557C:00000000
5580:00000000
5584:00000000
5588:00000000
558C:00000000
5590:00000000
5594:00000000
5598:00000000
559C:00000000
55A0:00000000
55A4:00000000
55A8:00000000
55AC:00000000
55B0:00000000
55B4:00000000
55B8:00000000
55BC:00000000
55C0:00000000
55C4:00000000
55C8:00000000
55CC:00000000
55D0:00000000
55D4:00000000
55D8:00000000
55DC:00000000
55E0:00000000
55E4:00000000
55E8:00000000
55EC:00000000
55F0:00000000
55F4:00000000
55F8:00000000
55FC:00000000
5600:00000000
5604:00000000
5608:00000000
560C:00000000
5610:00000000
5614:00000000
5618:00000000
561C:00000000
5620:00000000
5624:00000000
5628:00000000
562C:00000000
5630:00000000
5634:00000000
5638:00000000
563C:00000000
5640:00000000
5644:00000000
5648:00000000
564C:00000000
5650:00000000
5654:00000000
5658:00000000
565C:00000000
5660:00000000
5664:00000000
5668:00000000
566C:00000000
5670:00000000
5674:00000000
5678:00000000
567C:00000000
5680:00000000
5684:00000000
5688:00000000
568C:00000000
5690:00000000
5694:00000000
5698:00000000
569C:00000000
56A0:00000000
56A4:00000000
56A8:00000000
56AC:00000000
56B0:00000000
56B4:00000000
56B8:00000000
56BC:00000000
56C0:00000000
56C4:00000000
56C8:00000000
56CC:00000000
56D0:00000000
56D4:00000000
56D8:00000000
56DC:00000000
56E0:00000000
56E4:00000000
56E8:00000000
56EC:00000000
56F0:00000000
56F4:00000000
56F8:00000000
56FC:00000000
5700:00000000
5704:00000000
5708:00000000
570C:00000000
5710:00000000
5714:00000000
5718:00000000
571C:00000000
5720:00000000
5724:00000000
5728:00000000
572C:00000000
5730:00000000
5734:00000000
5738:00000000
573C:00000000
5740:00000000
5744:00000000
5748:00000000
574C:00000000
5750:00000000
5754:00000000
5758:00000000
575C:00000000
5760:00000000
5764:00000000
5768:00000000
576C:00000000
5770:00000000
5774:00000000
5778:00000000
577C:00000000
5780:00000000
5784:00000000
5788:00000000
578C:00000000
5790:00000000
5794:00000000
5798:00000000
579C:00000000
57A0:00000000
57A4:00000000
57A8:00000000
57AC:00000000
57B0:00000000
57B4:00000000
57B8:00000000
57BC:00000000
57C0:00000000
57C4:00000000
57C8:00000000
57CC:00000000
57D0:00000000
57D4:00000000
57D8:00000000
57DC:00000000
57E0:00000000
57E4:00000000
57E8:00000000
57EC:00000000
57F0:00000000
57F4:00000000
57F8:00000000
57FC:00000000
5800:00000000
5804:00000000
5808:00000000
580C:00000000
5810:00000000
5814:00000000
5818:00000000
581C:00000000
5820:00000000
5824:00000000
5828:00000000
582C:00000000
5830:00000000
5834:00000000
5838:00000000
583C:00000000
5840:00000000
5844:00000000
5848:00000000
584C:00000000
5850:00000000
5854:00000000
5858:00000000
585C:00000000
5860:00000000
5864:00000000
5868:00000000
586C:00000000
5870:00000000
5874:00000000
5878:00000000
587C:00000000
5880:00000000
5884:00000000
5888:00000000
588C:00000000
5890:00000000
5894:00000000
5898:00000000
589C:00000000
58A0:00000000
58A4:00000000
58A8:00000000
58AC:00000000
58B0:00000000
58B4:00000000
58B8:00000000
58BC:00000000
58C0:00000000
58C4:00000000
58C8:00000000
58CC:00000000
58D0:00000000
58D4:00000000
58D8:00000000
58DC:00000000
58E0:00000000
58E4:00000000
58E8:00000000
58EC:00000000
58F0:00000000
58F4:00000000
58F8:00000000
58FC:00000000
5900:00000000
5904:00000000
5908:00000000
590C:00000000
5910:00000000
5914:00000000
5918:00000000
591C:00000000
5920:00000000
5924:00000000
5928:00000000
592C:00000000
5930:00000000
5934:00000000
5938:00000000
593C:00000000
5940:00000000
5944:00000000
5948:00000000
594C:00000000
5950:00000000
5954:00000000
5958:00000000
595C:00000000
5960:00000000
5964:00000000
5968:00000000
596C:00000000
5970:00000000
5974:00000000
5978:00000000
597C:00000000
5980:00000000
5984:00000000
5988:00000000
598C:00000000
5990:00000000
5994:00000000
5998:00000000
599C:00000000
59A0:00000000
59A4:00000000
59A8:00000000
59AC:00000000
59B0:00000000
59B4:00000000
59B8:00000000
59BC:00000000
59C0:00000000
59C4:00000000
59C8:00000000
59CC:00000000
59D0:00000000
59D4:00000000
59D8:00000000
59DC:00000000
59E0:00000000
59E4:00000000
59E8:00000000
59EC:00000000
59F0:00000000
59F4:00000000
59F8:00000000
59FC:00000000
5A00:00000000
5A04:00000000
5A08:00000000
5A0C:00000000
5A10:00000000
5A14:00000000
5A18:00000000
5A1C:00000000
5A20:00000000
5A24:00000000
5A28:00000000
5A2C:00000000
5A30:00000000
5A34:00000000
5A38:00000000
5A3C:00000000
5A40:00000000
5A44:00000000
5A48:00000000
5A4C:00000000
5A50:00000000
5A54:00000000
5A58:00000000
5A5C:00000000
5A60:00000000
5A64:00000000
5A68:00000000
5A6C:00000000
5A70:00000000
5A74:00000000
5A78:00000000
5A7C:00000000
5A80:00000000
5A84:00000000
5A88:00000000
5A8C:00000000
5A90:00000000
5A94:00000000
5A98:00000000
5A9C:00000000
5AA0:00000000
5AA4:00000000
5AA8:00000000
5AAC:00000000
5AB0:00000000
5AB4:00000000
5AB8:00000000
5ABC:00000000
5AC0:00000000
5AC4:00000000
5AC8:00000000
5ACC:00000000
5AD0:00000000
5AD4:00000000
5AD8:00000000
5ADC:00000000
5AE0:00000000
5AE4:00000000
5AE8:00000000
5AEC:00000000
5AF0:00000000
5AF4:00000000
5AF8:00000000
5AFC:00000000
5B00:00000000
5B04:00000000
5B08:00000000
5B0C:00000000
5B10:00000000
5B14:00000000
5B18:00000000
5B1C:00000000
5B20:00000000
5B24:00000000
5B28:00000000
5B2C:00000000
5B30:00000000
5B34:00000000
5B38:00000000
5B3C:00000000
5B40:00000000
5B44:00000000
5B48:00000000
5B4C:00000000
5B50:00000000
5B54:00000000
5B58:00000000
5B5C:00000000
5B60:00000000
5B64:00000000
5B68:00000000
5B6C:00000000
5B70:00000000
5B74:00000000
5B78:00000000
5B7C:00000000
5B80:00000000
5B84:00000000
5B88:00000000
5B8C:00000000
5B90:00000000
5B94:00000000
5B98:00000000
5B9C:00000000
5BA0:00000000
5BA4:00000000
5BA8:00000000
5BAC:00000000
5BB0:00000000
5BB4:00000000
5BB8:00000000
5BBC:00000000
5BC0:00000000
5BC4:00000000
5BC8:00000000
5BCC:00000000
5BD0:00000000
5BD4:00000000
5BD8:00000000
5BDC:00000000
5BE0:00000000
5BE4:00000000
5BE8:00000000
5BEC:00000000
5BF0:00000000
5BF4:00000000
5BF8:00000000
5BFC:00000000
5C00:00000000
5C04:00000000
5C08:00000000
5C0C:00000000
5C10:00000000
5C14:00000000
5C18:00000000
5C1C:00000000
5C20:00000000
5C24:00000000
5C28:00000000
5C2C:00000000
5C30:00000000
5C34:00000000
5C38:00000000
5C3C:00000000
5C40:00000000
5C44:00000000
5C48:00000000
5C4C:00000000
5C50:00000000
5C54:00000000
5C58:00000000
5C5C:00000000
5C60:00000000
5C64:00000000
5C68:00000000
5C6C:00000000
5C70:00000000
5C74:00000000
5C78:00000000
5C7C:00000000
5C80:00000000
5C84:00000000
5C88:00000000
5C8C:00000000
5C90:00000000
5C94:00000000
5C98:00000000
5C9C:00000000
5CA0:00000000
5CA4:00000000
5CA8:00000000
5CAC:00000000
5CB0:00000000
5CB4:00000000
5CB8:00000000
5CBC:00000000
5CC0:00000000
5CC4:00000000
5CC8:00000000
5CCC:00000000
5CD0:00000000
5CD4:00000000
5CD8:00000000
5CDC:00000000
5CE0:00000000
5CE4:00000000
5CE8:00000000
5CEC:00000000
5CF0:00000000
5CF4:00000000
5CF8:00000000
5CFC:00000000
5D00:00000000
5D04:00000000
5D08:00000000
5D0C:00000000
5D10:00000000
5D14:00000000
5D18:00000000
5D1C:00000000
5D20:00000000
5D24:00000000
5D28:00000000
5D2C:00000000
5D30:00000000
5D34:00000000
5D38:00000000
5D3C:00000000
5D40:00000000
5D44:00000000
5D48:00000000
5D4C:00000000
5D50:00000000
5D54:00000000
5D58:00000000
5D5C:00000000
5D60:00000000
5D64:00000000
5D68:00000000
5D6C:00000000
5D70:00000000
5D74:00000000
5D78:00000000
5D7C:00000000
5D80:00000000
5D84:00000000
5D88:00000000
5D8C:00000000
5D90:00000000
5D94:00000000
5D98:00000000
5D9C:00000000
5DA0:00000000
5DA4:00000000
5DA8:00000000
5DAC:00000000
5DB0:00000000
5DB4:00000000
5DB8:00000000
5DBC:00000000
5DC0:00000000
5DC4:00000000
5DC8:00000000
5DCC:00000000
5DD0:00000000
5DD4:00000000
5DD8:00000000
5DDC:00000000
5DE0:00000000
5DE4:00000000
5DE8:00000000
5DEC:00000000
5DF0:00000000
5DF4:00000000
5DF8:00000000
5DFC:00000000
5E00:00000000
5E04:00000000
5E08:00000000
5E0C:00000000
5E10:00000000
5E14:00000000
5E18:00000000
5E1C:00000000
5E20:00000000
5E24:00000000
5E28:00000000
5E2C:00000000
5E30:00000000
5E34:00000000
5E38:00000000
5E3C:00000000
5E40:00000000
5E44:00000000
5E48:00000000
5E4C:00000000
5E50:00000000
5E54:00000000
5E58:00000000
5E5C:00000000
5E60:00000000
5E64:00000000
5E68:00000000
5E6C:00000000
5E70:00000000
5E74:00000000
5E78:00000000
5E7C:00000000
5E80:00000000
5E84:00000000
5E88:00000000
5E8C:00000000
5E90:00000000
5E94:00000000
5E98:00000000
5E9C:00000000
5EA0:00000000
5EA4:00000000
5EA8:00000000
5EAC:00000000
5EB0:00000000
5EB4:00000000
5EB8:00000000
5EBC:00000000
5EC0:00000000
5EC4:00000000
5EC8:00000000
5ECC:00000000
5ED0:00000000
5ED4:00000000
5ED8:00000000
5EDC:00000000
5EE0:00000000
5EE4:00000000
5EE8:00000000
5EEC:00000000
5EF0:00000000
5EF4:00000000
5EF8:00000000
5EFC:00000000
5F00:00000000
5F04:00000000
5F08:00000000
5F0C:00000000
5F10:00000000
5F14:00000000
5F18:00000000
5F1C:00000000
5F20:00000000
5F24:00000000
5F28:00000000
5F2C:00000000
5F30:00000000
5F34:00000000
5F38:00000000
5F3C:00000000
5F40:00000000
5F44:00000000
5F48:00000000
5F4C:00000000
5F50:00000000
5F54:00000000
5F58:00000000
5F5C:00000000
5F60:00000000
5F64:00000000
5F68:00000000
5F6C:00000000
5F70:00000000
5F74:00000000
5F78:00000000
5F7C:00000000
5F80:00000000
5F84:00000000
5F88:00000000
5F8C:00000000
5F90:00000000
5F94:00000000
5F98:00000000
5F9C:00000000
5FA0:00000000
5FA4:00000000
5FA8:00000000
5FAC:00000000
5FB0:00000000
5FB4:00000000
5FB8:00000000
5FBC:00000000
5FC0:00000000
5FC4:00000000
5FC8:00000000
5FCC:00000000
5FD0:00000000
5FD4:00000000
5FD8:00000000
5FDC:00000000
5FE0:00000000
5FE4:00000000
5FE8:00000000
5FEC:00000000
5FF0:00000000
5FF4:00000000
5FF8:00000000
5FFC:00000000
6000:		END
Emiting raw binary from 4000 to 5FFF
